  Qint.cpp
D:\HỌC\năm 2\học kì 2 - năm 2\kiến trúc máy tính & hợp ngữ\thực hành\_QInt\Qint\Qint\Header.h(163,2): warning C4566: character represented by universal-character-name '\u202C' cannot be represented in the current code page (1252)
D:\HỌC\năm 2\học kì 2 - năm 2\kiến trúc máy tính & hợp ngữ\thực hành\_QInt\Qint\Qint\Header.h(164,2): warning C4566: character represented by universal-character-name '\u202C' cannot be represented in the current code page (1252)
D:\HỌC\năm 2\học kì 2 - năm 2\kiến trúc máy tính & hợp ngữ\thực hành\_QInt\Qint\Qint\Header.h(165,2): warning C4566: character represented by universal-character-name '\u202C' cannot be represented in the current code page (1252)
D:\HỌC\năm 2\học kì 2 - năm 2\kiến trúc máy tính & hợp ngữ\thực hành\_QInt\Qint\Qint\Header.h(166,2): warning C4566: character represented by universal-character-name '\u202C' cannot be represented in the current code page (1252)
D:\HỌC\năm 2\học kì 2 - năm 2\kiến trúc máy tính & hợp ngữ\thực hành\_QInt\Qint\Qint\Header.h(168,2): warning C4566: character represented by universal-character-name '\u202C' cannot be represented in the current code page (1252)
D:\HỌC\năm 2\học kì 2 - năm 2\kiến trúc máy tính & hợp ngữ\thực hành\_QInt\Qint\Qint\Header.h(169,2): warning C4566: character represented by universal-character-name '\u202C' cannot be represented in the current code page (1252)
D:\HỌC\năm 2\học kì 2 - năm 2\kiến trúc máy tính & hợp ngữ\thực hành\_QInt\Qint\Qint\Header.h(170,2): warning C4566: character represented by universal-character-name '\u202C' cannot be represented in the current code page (1252)
D:\HỌC\năm 2\học kì 2 - năm 2\kiến trúc máy tính & hợp ngữ\thực hành\_QInt\Qint\Qint\Header.h(172,2): warning C4566: character represented by universal-character-name '\u202D' cannot be represented in the current code page (1252)
D:\HỌC\năm 2\học kì 2 - năm 2\kiến trúc máy tính & hợp ngữ\thực hành\_QInt\Qint\Qint\Header.h(172,2): warning C4566: character represented by universal-character-name '\u202C' cannot be represented in the current code page (1252)
D:\HỌC\năm 2\học kì 2 - năm 2\kiến trúc máy tính & hợp ngữ\thực hành\_QInt\Qint\Qint\Header.h(173,2): warning C4566: character represented by universal-character-name '\u202C' cannot be represented in the current code page (1252)
D:\HỌC\năm 2\học kì 2 - năm 2\kiến trúc máy tính & hợp ngữ\thực hành\_QInt\Qint\Qint\Header.h(174,2): warning C4566: character represented by universal-character-name '\u202D' cannot be represented in the current code page (1252)
D:\HỌC\năm 2\học kì 2 - năm 2\kiến trúc máy tính & hợp ngữ\thực hành\_QInt\Qint\Qint\Header.h(174,2): warning C4566: character represented by universal-character-name '\u202C' cannot be represented in the current code page (1252)
D:\HỌC\năm 2\học kì 2 - năm 2\kiến trúc máy tính & hợp ngữ\thực hành\_QInt\Qint\Qint\Header.h(175,2): warning C4566: character represented by universal-character-name '\u202D' cannot be represented in the current code page (1252)
D:\HỌC\năm 2\học kì 2 - năm 2\kiến trúc máy tính & hợp ngữ\thực hành\_QInt\Qint\Qint\Header.h(175,2): warning C4566: character represented by universal-character-name '\u202C' cannot be represented in the current code page (1252)
D:\HỌC\năm 2\học kì 2 - năm 2\kiến trúc máy tính & hợp ngữ\thực hành\_QInt\Qint\Qint\Header.h(176,2): warning C4566: character represented by universal-character-name '\u202D' cannot be represented in the current code page (1252)
D:\HỌC\năm 2\học kì 2 - năm 2\kiến trúc máy tính & hợp ngữ\thực hành\_QInt\Qint\Qint\Header.h(176,2): warning C4566: character represented by universal-character-name '\u202C' cannot be represented in the current code page (1252)
D:\HỌC\năm 2\học kì 2 - năm 2\kiến trúc máy tính & hợp ngữ\thực hành\_QInt\Qint\Qint\Header.h(177,2): warning C4566: character represented by universal-character-name '\u202D' cannot be represented in the current code page (1252)
D:\HỌC\năm 2\học kì 2 - năm 2\kiến trúc máy tính & hợp ngữ\thực hành\_QInt\Qint\Qint\Header.h(177,2): warning C4566: character represented by universal-character-name '\u202C' cannot be represented in the current code page (1252)
D:\HỌC\năm 2\học kì 2 - năm 2\kiến trúc máy tính & hợp ngữ\thực hành\_QInt\Qint\Qint\Header.h(178,2): warning C4566: character represented by universal-character-name '\u202D' cannot be represented in the current code page (1252)
D:\HỌC\năm 2\học kì 2 - năm 2\kiến trúc máy tính & hợp ngữ\thực hành\_QInt\Qint\Qint\Header.h(178,2): warning C4566: character represented by universal-character-name '\u202C' cannot be represented in the current code page (1252)
D:\HỌC\năm 2\học kì 2 - năm 2\kiến trúc máy tính & hợp ngữ\thực hành\_QInt\Qint\Qint\Header.h(179,2): warning C4566: character represented by universal-character-name '\u202D' cannot be represented in the current code page (1252)
D:\HỌC\năm 2\học kì 2 - năm 2\kiến trúc máy tính & hợp ngữ\thực hành\_QInt\Qint\Qint\Header.h(179,2): warning C4566: character represented by universal-character-name '\u202C' cannot be represented in the current code page (1252)
D:\HỌC\năm 2\học kì 2 - năm 2\kiến trúc máy tính & hợp ngữ\thực hành\_QInt\Qint\Qint\Header.h(180,2): warning C4566: character represented by universal-character-name '\u202D' cannot be represented in the current code page (1252)
D:\HỌC\năm 2\học kì 2 - năm 2\kiến trúc máy tính & hợp ngữ\thực hành\_QInt\Qint\Qint\Header.h(180,2): warning C4566: character represented by universal-character-name '\u202C' cannot be represented in the current code page (1252)
D:\HỌC\năm 2\học kì 2 - năm 2\kiến trúc máy tính & hợp ngữ\thực hành\_QInt\Qint\Qint\Header.h(181,2): warning C4566: character represented by universal-character-name '\u202D' cannot be represented in the current code page (1252)
D:\HỌC\năm 2\học kì 2 - năm 2\kiến trúc máy tính & hợp ngữ\thực hành\_QInt\Qint\Qint\Header.h(181,2): warning C4566: character represented by universal-character-name '\u202C' cannot be represented in the current code page (1252)
D:\HỌC\năm 2\học kì 2 - năm 2\kiến trúc máy tính & hợp ngữ\thực hành\_QInt\Qint\Qint\Header.h(182,2): warning C4566: character represented by universal-character-name '\u202D' cannot be represented in the current code page (1252)
D:\HỌC\năm 2\học kì 2 - năm 2\kiến trúc máy tính & hợp ngữ\thực hành\_QInt\Qint\Qint\Header.h(182,2): warning C4566: character represented by universal-character-name '\u202C' cannot be represented in the current code page (1252)
D:\HỌC\năm 2\học kì 2 - năm 2\kiến trúc máy tính & hợp ngữ\thực hành\_QInt\Qint\Qint\Header.h(183,2): warning C4566: character represented by universal-character-name '\u202D' cannot be represented in the current code page (1252)
D:\HỌC\năm 2\học kì 2 - năm 2\kiến trúc máy tính & hợp ngữ\thực hành\_QInt\Qint\Qint\Header.h(183,2): warning C4566: character represented by universal-character-name '\u202C' cannot be represented in the current code page (1252)
D:\HỌC\năm 2\học kì 2 - năm 2\kiến trúc máy tính & hợp ngữ\thực hành\_QInt\Qint\Qint\Header.h(184,2): warning C4566: character represented by universal-character-name '\u202D' cannot be represented in the current code page (1252)
D:\HỌC\năm 2\học kì 2 - năm 2\kiến trúc máy tính & hợp ngữ\thực hành\_QInt\Qint\Qint\Header.h(184,2): warning C4566: character represented by universal-character-name '\u202C' cannot be represented in the current code page (1252)
D:\HỌC\năm 2\học kì 2 - năm 2\kiến trúc máy tính & hợp ngữ\thực hành\_QInt\Qint\Qint\Header.h(185,2): warning C4566: character represented by universal-character-name '\u202D' cannot be represented in the current code page (1252)
D:\HỌC\năm 2\học kì 2 - năm 2\kiến trúc máy tính & hợp ngữ\thực hành\_QInt\Qint\Qint\Header.h(185,2): warning C4566: character represented by universal-character-name '\u202C' cannot be represented in the current code page (1252)
D:\HỌC\năm 2\học kì 2 - năm 2\kiến trúc máy tính & hợp ngữ\thực hành\_QInt\Qint\Qint\Header.h(186,2): warning C4566: character represented by universal-character-name '\u202D' cannot be represented in the current code page (1252)
D:\HỌC\năm 2\học kì 2 - năm 2\kiến trúc máy tính & hợp ngữ\thực hành\_QInt\Qint\Qint\Header.h(186,2): warning C4566: character represented by universal-character-name '\u202C' cannot be represented in the current code page (1252)
D:\HỌC\năm 2\học kì 2 - năm 2\kiến trúc máy tính & hợp ngữ\thực hành\_QInt\Qint\Qint\Header.h(187,2): warning C4566: character represented by universal-character-name '\u202D' cannot be represented in the current code page (1252)
D:\HỌC\năm 2\học kì 2 - năm 2\kiến trúc máy tính & hợp ngữ\thực hành\_QInt\Qint\Qint\Header.h(187,2): warning C4566: character represented by universal-character-name '\u202C' cannot be represented in the current code page (1252)
D:\HỌC\năm 2\học kì 2 - năm 2\kiến trúc máy tính & hợp ngữ\thực hành\_QInt\Qint\Qint\Header.h(188,2): warning C4566: character represented by universal-character-name '\u202D' cannot be represented in the current code page (1252)
D:\HỌC\năm 2\học kì 2 - năm 2\kiến trúc máy tính & hợp ngữ\thực hành\_QInt\Qint\Qint\Header.h(188,2): warning C4566: character represented by universal-character-name '\u202C' cannot be represented in the current code page (1252)
D:\HỌC\năm 2\học kì 2 - năm 2\kiến trúc máy tính & hợp ngữ\thực hành\_QInt\Qint\Qint\Header.h(189,2): warning C4566: character represented by universal-character-name '\u202D' cannot be represented in the current code page (1252)
D:\HỌC\năm 2\học kì 2 - năm 2\kiến trúc máy tính & hợp ngữ\thực hành\_QInt\Qint\Qint\Header.h(189,2): warning C4566: character represented by universal-character-name '\u202C' cannot be represented in the current code page (1252)
D:\HỌC\năm 2\học kì 2 - năm 2\kiến trúc máy tính & hợp ngữ\thực hành\_QInt\Qint\Qint\Header.h(190,2): warning C4566: character represented by universal-character-name '\u202D' cannot be represented in the current code page (1252)
D:\HỌC\năm 2\học kì 2 - năm 2\kiến trúc máy tính & hợp ngữ\thực hành\_QInt\Qint\Qint\Header.h(190,2): warning C4566: character represented by universal-character-name '\u202C' cannot be represented in the current code page (1252)
D:\HỌC\năm 2\học kì 2 - năm 2\kiến trúc máy tính & hợp ngữ\thực hành\_QInt\Qint\Qint\Header.h(191,2): warning C4566: character represented by universal-character-name '\u202D' cannot be represented in the current code page (1252)
D:\HỌC\năm 2\học kì 2 - năm 2\kiến trúc máy tính & hợp ngữ\thực hành\_QInt\Qint\Qint\Header.h(191,2): warning C4566: character represented by universal-character-name '\u202C' cannot be represented in the current code page (1252)
D:\HỌC\năm 2\học kì 2 - năm 2\kiến trúc máy tính & hợp ngữ\thực hành\_QInt\Qint\Qint\Header.h(192,2): warning C4566: character represented by universal-character-name '\u202D' cannot be represented in the current code page (1252)
D:\HỌC\năm 2\học kì 2 - năm 2\kiến trúc máy tính & hợp ngữ\thực hành\_QInt\Qint\Qint\Header.h(192,2): warning C4566: character represented by universal-character-name '\u202C' cannot be represented in the current code page (1252)
D:\HỌC\năm 2\học kì 2 - năm 2\kiến trúc máy tính & hợp ngữ\thực hành\_QInt\Qint\Qint\Header.h(193,2): warning C4566: character represented by universal-character-name '\u202D' cannot be represented in the current code page (1252)
D:\HỌC\năm 2\học kì 2 - năm 2\kiến trúc máy tính & hợp ngữ\thực hành\_QInt\Qint\Qint\Header.h(193,2): warning C4566: character represented by universal-character-name '\u202C' cannot be represented in the current code page (1252)
D:\HỌC\năm 2\học kì 2 - năm 2\kiến trúc máy tính & hợp ngữ\thực hành\_QInt\Qint\Qint\Header.h(194,2): warning C4566: character represented by universal-character-name '\u202D' cannot be represented in the current code page (1252)
D:\HỌC\năm 2\học kì 2 - năm 2\kiến trúc máy tính & hợp ngữ\thực hành\_QInt\Qint\Qint\Header.h(194,2): warning C4566: character represented by universal-character-name '\u202C' cannot be represented in the current code page (1252)
D:\HỌC\năm 2\học kì 2 - năm 2\kiến trúc máy tính & hợp ngữ\thực hành\_QInt\Qint\Qint\Header.h(195,2): warning C4566: character represented by universal-character-name '\u202D' cannot be represented in the current code page (1252)
D:\HỌC\năm 2\học kì 2 - năm 2\kiến trúc máy tính & hợp ngữ\thực hành\_QInt\Qint\Qint\Header.h(195,2): warning C4566: character represented by universal-character-name '\u202C' cannot be represented in the current code page (1252)
D:\HỌC\năm 2\học kì 2 - năm 2\kiến trúc máy tính & hợp ngữ\thực hành\_QInt\Qint\Qint\Header.h(196,2): warning C4566: character represented by universal-character-name '\u202D' cannot be represented in the current code page (1252)
D:\HỌC\năm 2\học kì 2 - năm 2\kiến trúc máy tính & hợp ngữ\thực hành\_QInt\Qint\Qint\Header.h(196,2): warning C4566: character represented by universal-character-name '\u202C' cannot be represented in the current code page (1252)
D:\HỌC\năm 2\học kì 2 - năm 2\kiến trúc máy tính & hợp ngữ\thực hành\_QInt\Qint\Qint\Header.h(197,2): warning C4566: character represented by universal-character-name '\u202D' cannot be represented in the current code page (1252)
D:\HỌC\năm 2\học kì 2 - năm 2\kiến trúc máy tính & hợp ngữ\thực hành\_QInt\Qint\Qint\Header.h(197,2): warning C4566: character represented by universal-character-name '\u202C' cannot be represented in the current code page (1252)
D:\HỌC\năm 2\học kì 2 - năm 2\kiến trúc máy tính & hợp ngữ\thực hành\_QInt\Qint\Qint\Header.h(198,2): warning C4566: character represented by universal-character-name '\u202D' cannot be represented in the current code page (1252)
D:\HỌC\năm 2\học kì 2 - năm 2\kiến trúc máy tính & hợp ngữ\thực hành\_QInt\Qint\Qint\Header.h(198,2): warning C4566: character represented by universal-character-name '\u202C' cannot be represented in the current code page (1252)
D:\HỌC\năm 2\học kì 2 - năm 2\kiến trúc máy tính & hợp ngữ\thực hành\_QInt\Qint\Qint\Header.h(199,2): warning C4566: character represented by universal-character-name '\u202D' cannot be represented in the current code page (1252)
D:\HỌC\năm 2\học kì 2 - năm 2\kiến trúc máy tính & hợp ngữ\thực hành\_QInt\Qint\Qint\Header.h(199,2): warning C4566: character represented by universal-character-name '\u202C' cannot be represented in the current code page (1252)
D:\HỌC\năm 2\học kì 2 - năm 2\kiến trúc máy tính & hợp ngữ\thực hành\_QInt\Qint\Qint\Header.h(200,2): warning C4566: character represented by universal-character-name '\u202D' cannot be represented in the current code page (1252)
D:\HỌC\năm 2\học kì 2 - năm 2\kiến trúc máy tính & hợp ngữ\thực hành\_QInt\Qint\Qint\Header.h(200,2): warning C4566: character represented by universal-character-name '\u202C' cannot be represented in the current code page (1252)
D:\HỌC\năm 2\học kì 2 - năm 2\kiến trúc máy tính & hợp ngữ\thực hành\_QInt\Qint\Qint\Header.h(201,2): warning C4566: character represented by universal-character-name '\u202D' cannot be represented in the current code page (1252)
D:\HỌC\năm 2\học kì 2 - năm 2\kiến trúc máy tính & hợp ngữ\thực hành\_QInt\Qint\Qint\Header.h(201,2): warning C4566: character represented by universal-character-name '\u202C' cannot be represented in the current code page (1252)
D:\HỌC\năm 2\học kì 2 - năm 2\kiến trúc máy tính & hợp ngữ\thực hành\_QInt\Qint\Qint\Header.h(202,2): warning C4566: character represented by universal-character-name '\u202D' cannot be represented in the current code page (1252)
D:\HỌC\năm 2\học kì 2 - năm 2\kiến trúc máy tính & hợp ngữ\thực hành\_QInt\Qint\Qint\Header.h(202,2): warning C4566: character represented by universal-character-name '\u202C' cannot be represented in the current code page (1252)
D:\HỌC\năm 2\học kì 2 - năm 2\kiến trúc máy tính & hợp ngữ\thực hành\_QInt\Qint\Qint\Header.h(203,2): warning C4566: character represented by universal-character-name '\u202D' cannot be represented in the current code page (1252)
D:\HỌC\năm 2\học kì 2 - năm 2\kiến trúc máy tính & hợp ngữ\thực hành\_QInt\Qint\Qint\Header.h(203,2): warning C4566: character represented by universal-character-name '\u202C' cannot be represented in the current code page (1252)
D:\HỌC\năm 2\học kì 2 - năm 2\kiến trúc máy tính & hợp ngữ\thực hành\_QInt\Qint\Qint\Header.h(204,2): warning C4566: character represented by universal-character-name '\u202D' cannot be represented in the current code page (1252)
D:\HỌC\năm 2\học kì 2 - năm 2\kiến trúc máy tính & hợp ngữ\thực hành\_QInt\Qint\Qint\Header.h(204,2): warning C4566: character represented by universal-character-name '\u202C' cannot be represented in the current code page (1252)
D:\HỌC\năm 2\học kì 2 - năm 2\kiến trúc máy tính & hợp ngữ\thực hành\_QInt\Qint\Qint\Header.h(205,2): warning C4566: character represented by universal-character-name '\u202D' cannot be represented in the current code page (1252)
D:\HỌC\năm 2\học kì 2 - năm 2\kiến trúc máy tính & hợp ngữ\thực hành\_QInt\Qint\Qint\Header.h(205,2): warning C4566: character represented by universal-character-name '\u202C' cannot be represented in the current code page (1252)
D:\HỌC\năm 2\học kì 2 - năm 2\kiến trúc máy tính & hợp ngữ\thực hành\_QInt\Qint\Qint\Header.h(206,2): warning C4566: character represented by universal-character-name '\u202D' cannot be represented in the current code page (1252)
D:\HỌC\năm 2\học kì 2 - năm 2\kiến trúc máy tính & hợp ngữ\thực hành\_QInt\Qint\Qint\Header.h(206,2): warning C4566: character represented by universal-character-name '\u202C' cannot be represented in the current code page (1252)
D:\HỌC\năm 2\học kì 2 - năm 2\kiến trúc máy tính & hợp ngữ\thực hành\_QInt\Qint\Qint\Header.h(207,2): warning C4566: character represented by universal-character-name '\u202D' cannot be represented in the current code page (1252)
D:\HỌC\năm 2\học kì 2 - năm 2\kiến trúc máy tính & hợp ngữ\thực hành\_QInt\Qint\Qint\Header.h(207,2): warning C4566: character represented by universal-character-name '\u202C' cannot be represented in the current code page (1252)
D:\HỌC\năm 2\học kì 2 - năm 2\kiến trúc máy tính & hợp ngữ\thực hành\_QInt\Qint\Qint\Header.h(208,2): warning C4566: character represented by universal-character-name '\u202D' cannot be represented in the current code page (1252)
D:\HỌC\năm 2\học kì 2 - năm 2\kiến trúc máy tính & hợp ngữ\thực hành\_QInt\Qint\Qint\Header.h(208,2): warning C4566: character represented by universal-character-name '\u202C' cannot be represented in the current code page (1252)
D:\HỌC\năm 2\học kì 2 - năm 2\kiến trúc máy tính & hợp ngữ\thực hành\_QInt\Qint\Qint\Header.h(209,2): warning C4566: character represented by universal-character-name '\u202D' cannot be represented in the current code page (1252)
D:\HỌC\năm 2\học kì 2 - năm 2\kiến trúc máy tính & hợp ngữ\thực hành\_QInt\Qint\Qint\Header.h(209,2): warning C4566: character represented by universal-character-name '\u202C' cannot be represented in the current code page (1252)
D:\HỌC\năm 2\học kì 2 - năm 2\kiến trúc máy tính & hợp ngữ\thực hành\_QInt\Qint\Qint\Header.h(210,2): warning C4566: character represented by universal-character-name '\u202D' cannot be represented in the current code page (1252)
D:\HỌC\năm 2\học kì 2 - năm 2\kiến trúc máy tính & hợp ngữ\thực hành\_QInt\Qint\Qint\Header.h(210,2): warning C4566: character represented by universal-character-name '\u202C' cannot be represented in the current code page (1252)
D:\HỌC\năm 2\học kì 2 - năm 2\kiến trúc máy tính & hợp ngữ\thực hành\_QInt\Qint\Qint\Header.h(211,2): warning C4566: character represented by universal-character-name '\u202D' cannot be represented in the current code page (1252)
D:\HỌC\năm 2\học kì 2 - năm 2\kiến trúc máy tính & hợp ngữ\thực hành\_QInt\Qint\Qint\Header.h(211,2): warning C4566: character represented by universal-character-name '\u202C' cannot be represented in the current code page (1252)
D:\HỌC\năm 2\học kì 2 - năm 2\kiến trúc máy tính & hợp ngữ\thực hành\_QInt\Qint\Qint\Header.h(212,2): warning C4566: character represented by universal-character-name '\u202D' cannot be represented in the current code page (1252)
D:\HỌC\năm 2\học kì 2 - năm 2\kiến trúc máy tính & hợp ngữ\thực hành\_QInt\Qint\Qint\Header.h(212,2): warning C4566: character represented by universal-character-name '\u202C' cannot be represented in the current code page (1252)
D:\HỌC\năm 2\học kì 2 - năm 2\kiến trúc máy tính & hợp ngữ\thực hành\_QInt\Qint\Qint\Header.h(213,2): warning C4566: character represented by universal-character-name '\u202D' cannot be represented in the current code page (1252)
D:\HỌC\năm 2\học kì 2 - năm 2\kiến trúc máy tính & hợp ngữ\thực hành\_QInt\Qint\Qint\Header.h(213,2): warning C4566: character represented by universal-character-name '\u202C' cannot be represented in the current code page (1252)
D:\HỌC\năm 2\học kì 2 - năm 2\kiến trúc máy tính & hợp ngữ\thực hành\_QInt\Qint\Qint\Header.h(214,2): warning C4566: character represented by universal-character-name '\u202D' cannot be represented in the current code page (1252)
D:\HỌC\năm 2\học kì 2 - năm 2\kiến trúc máy tính & hợp ngữ\thực hành\_QInt\Qint\Qint\Header.h(214,2): warning C4566: character represented by universal-character-name '\u202C' cannot be represented in the current code page (1252)
D:\HỌC\năm 2\học kì 2 - năm 2\kiến trúc máy tính & hợp ngữ\thực hành\_QInt\Qint\Qint\Header.h(215,2): warning C4566: character represented by universal-character-name '\u202D' cannot be represented in the current code page (1252)
D:\HỌC\năm 2\học kì 2 - năm 2\kiến trúc máy tính & hợp ngữ\thực hành\_QInt\Qint\Qint\Header.h(215,2): warning C4566: character represented by universal-character-name '\u202C' cannot be represented in the current code page (1252)
D:\HỌC\năm 2\học kì 2 - năm 2\kiến trúc máy tính & hợp ngữ\thực hành\_QInt\Qint\Qint\Header.h(216,2): warning C4566: character represented by universal-character-name '\u202D' cannot be represented in the current code page (1252)
D:\HỌC\năm 2\học kì 2 - năm 2\kiến trúc máy tính & hợp ngữ\thực hành\_QInt\Qint\Qint\Header.h(216,2): warning C4566: character represented by universal-character-name '\u202C' cannot be represented in the current code page (1252)
D:\HỌC\năm 2\học kì 2 - năm 2\kiến trúc máy tính & hợp ngữ\thực hành\_QInt\Qint\Qint\Header.h(217,2): warning C4566: character represented by universal-character-name '\u202D' cannot be represented in the current code page (1252)
D:\HỌC\năm 2\học kì 2 - năm 2\kiến trúc máy tính & hợp ngữ\thực hành\_QInt\Qint\Qint\Header.h(217,2): warning C4566: character represented by universal-character-name '\u202C' cannot be represented in the current code page (1252)
D:\HỌC\năm 2\học kì 2 - năm 2\kiến trúc máy tính & hợp ngữ\thực hành\_QInt\Qint\Qint\Header.h(218,2): warning C4566: character represented by universal-character-name '\u202D' cannot be represented in the current code page (1252)
D:\HỌC\năm 2\học kì 2 - năm 2\kiến trúc máy tính & hợp ngữ\thực hành\_QInt\Qint\Qint\Header.h(218,2): warning C4566: character represented by universal-character-name '\u202C' cannot be represented in the current code page (1252)
D:\HỌC\năm 2\học kì 2 - năm 2\kiến trúc máy tính & hợp ngữ\thực hành\_QInt\Qint\Qint\Header.h(219,2): warning C4566: character represented by universal-character-name '\u202D' cannot be represented in the current code page (1252)
D:\HỌC\năm 2\học kì 2 - năm 2\kiến trúc máy tính & hợp ngữ\thực hành\_QInt\Qint\Qint\Header.h(219,2): warning C4566: character represented by universal-character-name '\u202C' cannot be represented in the current code page (1252)
D:\HỌC\năm 2\học kì 2 - năm 2\kiến trúc máy tính & hợp ngữ\thực hành\_QInt\Qint\Qint\Header.h(220,2): warning C4566: character represented by universal-character-name '\u202D' cannot be represented in the current code page (1252)
D:\HỌC\năm 2\học kì 2 - năm 2\kiến trúc máy tính & hợp ngữ\thực hành\_QInt\Qint\Qint\Header.h(220,2): warning C4566: character represented by universal-character-name '\u202C' cannot be represented in the current code page (1252)
D:\HỌC\năm 2\học kì 2 - năm 2\kiến trúc máy tính & hợp ngữ\thực hành\_QInt\Qint\Qint\Header.h(221,2): warning C4566: character represented by universal-character-name '\u202D' cannot be represented in the current code page (1252)
D:\HỌC\năm 2\học kì 2 - năm 2\kiến trúc máy tính & hợp ngữ\thực hành\_QInt\Qint\Qint\Header.h(221,2): warning C4566: character represented by universal-character-name '\u202C' cannot be represented in the current code page (1252)
D:\HỌC\năm 2\học kì 2 - năm 2\kiến trúc máy tính & hợp ngữ\thực hành\_QInt\Qint\Qint\Header.h(222,2): warning C4566: character represented by universal-character-name '\u202D' cannot be represented in the current code page (1252)
D:\HỌC\năm 2\học kì 2 - năm 2\kiến trúc máy tính & hợp ngữ\thực hành\_QInt\Qint\Qint\Header.h(222,2): warning C4566: character represented by universal-character-name '\u202C' cannot be represented in the current code page (1252)
D:\HỌC\năm 2\học kì 2 - năm 2\kiến trúc máy tính & hợp ngữ\thực hành\_QInt\Qint\Qint\Header.h(223,2): warning C4566: character represented by universal-character-name '\u202D' cannot be represented in the current code page (1252)
D:\HỌC\năm 2\học kì 2 - năm 2\kiến trúc máy tính & hợp ngữ\thực hành\_QInt\Qint\Qint\Header.h(223,2): warning C4566: character represented by universal-character-name '\u202C' cannot be represented in the current code page (1252)
D:\HỌC\năm 2\học kì 2 - năm 2\kiến trúc máy tính & hợp ngữ\thực hành\_QInt\Qint\Qint\Header.h(224,2): warning C4566: character represented by universal-character-name '\u202D' cannot be represented in the current code page (1252)
D:\HỌC\năm 2\học kì 2 - năm 2\kiến trúc máy tính & hợp ngữ\thực hành\_QInt\Qint\Qint\Header.h(224,2): warning C4566: character represented by universal-character-name '\u202C' cannot be represented in the current code page (1252)
D:\HỌC\năm 2\học kì 2 - năm 2\kiến trúc máy tính & hợp ngữ\thực hành\_QInt\Qint\Qint\Header.h(225,2): warning C4566: character represented by universal-character-name '\u202D' cannot be represented in the current code page (1252)
D:\HỌC\năm 2\học kì 2 - năm 2\kiến trúc máy tính & hợp ngữ\thực hành\_QInt\Qint\Qint\Header.h(225,2): warning C4566: character represented by universal-character-name '\u202C' cannot be represented in the current code page (1252)
D:\HỌC\năm 2\học kì 2 - năm 2\kiến trúc máy tính & hợp ngữ\thực hành\_QInt\Qint\Qint\Header.h(226,2): warning C4566: character represented by universal-character-name '\u202D' cannot be represented in the current code page (1252)
D:\HỌC\năm 2\học kì 2 - năm 2\kiến trúc máy tính & hợp ngữ\thực hành\_QInt\Qint\Qint\Header.h(226,2): warning C4566: character represented by universal-character-name '\u202C' cannot be represented in the current code page (1252)
D:\HỌC\năm 2\học kì 2 - năm 2\kiến trúc máy tính & hợp ngữ\thực hành\_QInt\Qint\Qint\Header.h(227,2): warning C4566: character represented by universal-character-name '\u202D' cannot be represented in the current code page (1252)
D:\HỌC\năm 2\học kì 2 - năm 2\kiến trúc máy tính & hợp ngữ\thực hành\_QInt\Qint\Qint\Header.h(227,2): warning C4566: character represented by universal-character-name '\u202C' cannot be represented in the current code page (1252)
D:\HỌC\năm 2\học kì 2 - năm 2\kiến trúc máy tính & hợp ngữ\thực hành\_QInt\Qint\Qint\Header.h(228,2): warning C4566: character represented by universal-character-name '\u202D' cannot be represented in the current code page (1252)
D:\HỌC\năm 2\học kì 2 - năm 2\kiến trúc máy tính & hợp ngữ\thực hành\_QInt\Qint\Qint\Header.h(228,2): warning C4566: character represented by universal-character-name '\u202C' cannot be represented in the current code page (1252)
D:\HỌC\năm 2\học kì 2 - năm 2\kiến trúc máy tính & hợp ngữ\thực hành\_QInt\Qint\Qint\Header.h(229,2): warning C4566: character represented by universal-character-name '\u202D' cannot be represented in the current code page (1252)
D:\HỌC\năm 2\học kì 2 - năm 2\kiến trúc máy tính & hợp ngữ\thực hành\_QInt\Qint\Qint\Header.h(229,2): warning C4566: character represented by universal-character-name '\u202C' cannot be represented in the current code page (1252)
D:\HỌC\năm 2\học kì 2 - năm 2\kiến trúc máy tính & hợp ngữ\thực hành\_QInt\Qint\Qint\Header.h(230,2): warning C4566: character represented by universal-character-name '\u202D' cannot be represented in the current code page (1252)
D:\HỌC\năm 2\học kì 2 - năm 2\kiến trúc máy tính & hợp ngữ\thực hành\_QInt\Qint\Qint\Header.h(230,2): warning C4566: character represented by universal-character-name '\u202C' cannot be represented in the current code page (1252)
D:\HỌC\năm 2\học kì 2 - năm 2\kiến trúc máy tính & hợp ngữ\thực hành\_QInt\Qint\Qint\Header.h(231,2): warning C4566: character represented by universal-character-name '\u202D' cannot be represented in the current code page (1252)
D:\HỌC\năm 2\học kì 2 - năm 2\kiến trúc máy tính & hợp ngữ\thực hành\_QInt\Qint\Qint\Header.h(231,2): warning C4566: character represented by universal-character-name '\u202C' cannot be represented in the current code page (1252)
D:\HỌC\năm 2\học kì 2 - năm 2\kiến trúc máy tính & hợp ngữ\thực hành\_QInt\Qint\Qint\Header.h(232,2): warning C4566: character represented by universal-character-name '\u202D' cannot be represented in the current code page (1252)
D:\HỌC\năm 2\học kì 2 - năm 2\kiến trúc máy tính & hợp ngữ\thực hành\_QInt\Qint\Qint\Header.h(232,2): warning C4566: character represented by universal-character-name '\u202C' cannot be represented in the current code page (1252)
D:\HỌC\năm 2\học kì 2 - năm 2\kiến trúc máy tính & hợp ngữ\thực hành\_QInt\Qint\Qint\Header.h(233,2): warning C4566: character represented by universal-character-name '\u202C' cannot be represented in the current code page (1252)
D:\HỌC\năm 2\học kì 2 - năm 2\kiến trúc máy tính & hợp ngữ\thực hành\_QInt\Qint\Qint\Header.h(250,2): warning C4566: character represented by universal-character-name '\u202C' cannot be represented in the current code page (1252)
D:\HỌC\năm 2\học kì 2 - năm 2\kiến trúc máy tính & hợp ngữ\thực hành\_QInt\Qint\Qint\Header.h(251,2): warning C4566: character represented by universal-character-name '\u202C' cannot be represented in the current code page (1252)
D:\HỌC\năm 2\học kì 2 - năm 2\kiến trúc máy tính & hợp ngữ\thực hành\_QInt\Qint\Qint\Header.h(252,2): warning C4566: character represented by universal-character-name '\u202D' cannot be represented in the current code page (1252)
D:\HỌC\năm 2\học kì 2 - năm 2\kiến trúc máy tính & hợp ngữ\thực hành\_QInt\Qint\Qint\Header.h(252,2): warning C4566: character represented by universal-character-name '\u202C' cannot be represented in the current code page (1252)
D:\HỌC\năm 2\học kì 2 - năm 2\kiến trúc máy tính & hợp ngữ\thực hành\_QInt\Qint\Qint\Header.h(253,2): warning C4566: character represented by universal-character-name '\u202D' cannot be represented in the current code page (1252)
D:\HỌC\năm 2\học kì 2 - năm 2\kiến trúc máy tính & hợp ngữ\thực hành\_QInt\Qint\Qint\Header.h(253,2): warning C4566: character represented by universal-character-name '\u202C' cannot be represented in the current code page (1252)
D:\HỌC\năm 2\học kì 2 - năm 2\kiến trúc máy tính & hợp ngữ\thực hành\_QInt\Qint\Qint\Header.h(254,2): warning C4566: character represented by universal-character-name '\u202D' cannot be represented in the current code page (1252)
D:\HỌC\năm 2\học kì 2 - năm 2\kiến trúc máy tính & hợp ngữ\thực hành\_QInt\Qint\Qint\Header.h(254,2): warning C4566: character represented by universal-character-name '\u202C' cannot be represented in the current code page (1252)
D:\HỌC\năm 2\học kì 2 - năm 2\kiến trúc máy tính & hợp ngữ\thực hành\_QInt\Qint\Qint\Qint.cpp(23,20): warning C4267: '=': conversion from 'size_t' to 'int', possible loss of data
D:\HỌC\năm 2\học kì 2 - năm 2\kiến trúc máy tính & hợp ngữ\thực hành\_QInt\Qint\Qint\Qint.cpp(24,20): warning C4267: '=': conversion from 'size_t' to 'int', possible loss of data
D:\HỌC\năm 2\học kì 2 - năm 2\kiến trúc máy tính & hợp ngữ\thực hành\_QInt\Qint\Qint\Qint.cpp(149,59): warning C4805: '|': unsafe mix of type '__int64' and type 'bool' in operation
D:\HỌC\năm 2\học kì 2 - năm 2\kiến trúc máy tính & hợp ngữ\thực hành\_QInt\Qint\Qint\Qint.cpp(153,47): warning C4805: '|': unsafe mix of type '__int64' and type 'bool' in operation
D:\HỌC\năm 2\học kì 2 - năm 2\kiến trúc máy tính & hợp ngữ\thực hành\_QInt\Qint\Qint\Qint.cpp(158,46): warning C4805: '|': unsafe mix of type '__int64' and type 'bool' in operation
D:\HỌC\năm 2\học kì 2 - năm 2\kiến trúc máy tính & hợp ngữ\thực hành\_QInt\Qint\Qint\Qint.cpp(161,58): warning C4805: '|': unsafe mix of type '__int64' and type 'bool' in operation
D:\HỌC\năm 2\học kì 2 - năm 2\kiến trúc máy tính & hợp ngữ\thực hành\_QInt\Qint\Qint\Qint.cpp(172,59): warning C4805: '|': unsafe mix of type '__int64' and type 'bool' in operation
D:\HỌC\năm 2\học kì 2 - năm 2\kiến trúc máy tính & hợp ngữ\thực hành\_QInt\Qint\Qint\Qint.cpp(176,47): warning C4805: '|': unsafe mix of type '__int64' and type 'bool' in operation
D:\HỌC\năm 2\học kì 2 - năm 2\kiến trúc máy tính & hợp ngữ\thực hành\_QInt\Qint\Qint\Qint.cpp(181,46): warning C4805: '|': unsafe mix of type '__int64' and type 'bool' in operation
D:\HỌC\năm 2\học kì 2 - năm 2\kiến trúc máy tính & hợp ngữ\thực hành\_QInt\Qint\Qint\Qint.cpp(184,58): warning C4805: '|': unsafe mix of type '__int64' and type 'bool' in operation
D:\HỌC\năm 2\học kì 2 - năm 2\kiến trúc máy tính & hợp ngữ\thực hành\_QInt\Qint\Qint\Qint.cpp(233,22): warning C4267: 'initializing': conversion from 'size_t' to 'int', possible loss of data
D:\HỌC\năm 2\học kì 2 - năm 2\kiến trúc máy tính & hợp ngữ\thực hành\_QInt\Qint\Qint\Qint.cpp(272,23): warning C4267: 'initializing': conversion from 'size_t' to 'int', possible loss of data
D:\HỌC\năm 2\học kì 2 - năm 2\kiến trúc máy tính & hợp ngữ\thực hành\_QInt\Qint\Qint\Qint.cpp(287,22): warning C4267: 'initializing': conversion from 'size_t' to 'int', possible loss of data
D:\HỌC\năm 2\học kì 2 - năm 2\kiến trúc máy tính & hợp ngữ\thực hành\_QInt\Qint\Qint\Qint.cpp(440,22): warning C4267: 'initializing': conversion from 'size_t' to 'int', possible loss of data
D:\HỌC\năm 2\học kì 2 - năm 2\kiến trúc máy tính & hợp ngữ\thực hành\_QInt\Qint\Qint\Qint.cpp(634,6): warning C4101: 'n': unreferenced local variable
D:\HỌC\năm 2\học kì 2 - năm 2\kiến trúc máy tính & hợp ngữ\thực hành\_QInt\Qint\Qint\Qint.cpp(1097,1): warning C4326: return type of 'main' should be 'int' instead of 'void'
D:\HỌC\năm 2\học kì 2 - năm 2\kiến trúc máy tính & hợp ngữ\thực hành\_QInt\Qint\Qint\Qint.cpp(660): warning C4172: returning address of local variable or temporary: kq
D:\HỌC\năm 2\học kì 2 - năm 2\kiến trúc máy tính & hợp ngữ\thực hành\_QInt\Qint\Qint\Qint.cpp(670): warning C4172: returning address of local variable or temporary: kq
D:\HỌC\năm 2\học kì 2 - năm 2\kiến trúc máy tính & hợp ngữ\thực hành\_QInt\Qint\Qint\Qint.cpp(630): warning C4172: returning address of local variable or temporary: kq
D:\HỌC\năm 2\học kì 2 - năm 2\kiến trúc máy tính & hợp ngữ\thực hành\_QInt\Qint\Qint\Qint.cpp(719): warning C4172: returning address of local variable or temporary: tmp
D:\HỌC\năm 2\học kì 2 - năm 2\kiến trúc máy tính & hợp ngữ\thực hành\_QInt\Qint\Qint\Qint.cpp(706): warning C4172: returning address of local variable or temporary: Q
D:\HỌC\năm 2\học kì 2 - năm 2\kiến trúc máy tính & hợp ngữ\thực hành\_QInt\Qint\Qint\Qint.cpp(737): warning C4172: returning address of local variable or temporary: kq
D:\HỌC\năm 2\học kì 2 - năm 2\kiến trúc máy tính & hợp ngữ\thực hành\_QInt\Qint\Qint\Qint.cpp(743): warning C4172: returning address of local variable or temporary: kq
D:\HỌC\năm 2\học kì 2 - năm 2\kiến trúc máy tính & hợp ngữ\thực hành\_QInt\Qint\Qint\Qint.cpp(730): warning C4172: returning address of local variable or temporary: kq
D:\HỌC\năm 2\học kì 2 - năm 2\kiến trúc máy tính & hợp ngữ\thực hành\_QInt\Qint\Qint\Qint.cpp(749): warning C4172: returning address of local variable or temporary: kq
D:\HỌC\năm 2\học kì 2 - năm 2\kiến trúc máy tính & hợp ngữ\thực hành\_QInt\Qint\Qint\Qint.cpp(757): warning C4172: returning address of local variable or temporary: kq
  Qint.vcxproj -> D:\HỌC\năm 2\học kì 2 - năm 2\kiến trúc máy tính & hợp ngữ\thực hành\_QInt\Qint\x64\Debug\Qint.exe
